C51 COMPILER V9.59.0.0   DELAY                                                             12/10/2021 16:33:39 PAGE 1   


C51 COMPILER V9.59.0.0, COMPILATION OF MODULE DELAY
OBJECT MODULE PLACED IN ..\Output\delay.obj
COMPILER INVOKED BY: F:\Keil_v5\C51\BIN\C51.EXE ..\System\delay.c OPTIMIZE(8,SPEED) BROWSE INCDIR(..\Driver;..\System;..
                    -\User) DEBUG OBJECTEXTEND PRINT(.\Listings\delay.lst) OBJECT(..\Output\delay.obj)

line level    source

   1          #include "delay.h"
   2          
   3          void delay(unsigned int num)
   4          {
   5   1              unsigned int i;
   6   1              while (num--)
   7   1                      for (i = 0;i < 110;i++);
   8   1      }
   9          
  10          
  11          
  12          
  13          


MODULE INFORMATION:   STATIC OVERLAYABLE
   CODE SIZE        =     30    ----
   CONSTANT SIZE    =   ----    ----
   XDATA SIZE       =   ----    ----
   PDATA SIZE       =   ----    ----
   DATA SIZE        =   ----    ----
   IDATA SIZE       =   ----    ----
   BIT SIZE         =   ----    ----
END OF MODULE INFORMATION.


C51 COMPILATION COMPLETE.  0 WARNING(S),  0 ERROR(S)
