C51 COMPILER V9.59.0.0   IIC                                                               11/21/2021 23:53:10 PAGE 1   


C51 COMPILER V9.59.0.0, COMPILATION OF MODULE IIC
OBJECT MODULE PLACED IN ..\Output\iic.obj
COMPILER INVOKED BY: F:\Keil_v5\C51\BIN\C51.EXE ..\Driver\iic.c OPTIMIZE(8,SPEED) BROWSE INCDIR(..\Driver;..\System;..\U
                    -ser) DEBUG OBJECTEXTEND PRINT(.\Listings\iic.lst) OBJECT(..\Output\iic.obj)

line level    source

   1          /*
   2            程序说明: IIC总线驱动程序
   3            软件环境: Keil uVison 4.10 
   4            硬件环境: CT107单片机综合实训平台 8051，12MHz
   5            日    期: 2011-8-9
   6          */
   7          #include "iic.h"
   8          #include "intrins.h"
   9          
  10          #define DELAY_TIME 5
  11          
  12          #define SlaveAddrW 0xA0
  13          #define SlaveAddrR 0xA1
  14          
  15          //总线引脚定义
  16          sbit SDA = P2 ^ 0;  /* 数据线 */
  17          sbit SCL = P2 ^ 1;  /* 时钟线 */
  18          
  19          void IIC_Delay(unsigned char i)
  20          {
  21   1              do { _nop_(); }     while (i--);
  22   1      }
  23          //总线启动条件
  24          void IIC_Start(void)
  25          {
  26   1              SDA = 1;
  27   1              SCL = 1;
  28   1              IIC_Delay(DELAY_TIME);
  29   1              SDA = 0;
  30   1              IIC_Delay(DELAY_TIME);
  31   1              SCL = 0;
  32   1      }
  33          
  34          //总线停止条件
  35          void IIC_Stop(void)
  36          {
  37   1              SDA = 0;
  38   1              SCL = 1;
  39   1              IIC_Delay(DELAY_TIME);
  40   1              SDA = 1;
  41   1              IIC_Delay(DELAY_TIME);
  42   1      }
  43          
  44          //发送应答
  45          void IIC_SendAck(bit ackbit)
  46          {
  47   1              SCL = 0;
  48   1              SDA = ackbit;                                   // 0：应答，1：非应答
  49   1              IIC_Delay(DELAY_TIME);
  50   1              SCL = 1;
  51   1              IIC_Delay(DELAY_TIME);
  52   1              SCL = 0;
  53   1              SDA = 1;
  54   1              IIC_Delay(DELAY_TIME);
C51 COMPILER V9.59.0.0   IIC                                                               11/21/2021 23:53:10 PAGE 2   

  55   1      }
  56          
  57          //等待应答
  58          bit IIC_WaitAck(void)
  59          {
  60   1              bit ackbit;
  61   1      
  62   1              SCL = 1;
  63   1              IIC_Delay(DELAY_TIME);
  64   1              ackbit = SDA;
  65   1              SCL = 0;
  66   1              IIC_Delay(DELAY_TIME);
  67   1              return ackbit;
  68   1      }
  69          
  70          //通过I2C总线发送数据
  71          void IIC_SendByte(unsigned char byt)
  72          {
  73   1              unsigned char i;
  74   1      
  75   1              for (i = 0; i < 8; i++)
  76   1              {
  77   2                      SCL = 0;
  78   2                      IIC_Delay(DELAY_TIME);
  79   2                      if (byt & 0x80) SDA = 1;
  80   2                      else SDA = 0;
  81   2                      IIC_Delay(DELAY_TIME);
  82   2                      SCL = 1;
  83   2                      byt <<= 1;
  84   2                      IIC_Delay(DELAY_TIME);
  85   2              }
  86   1              SCL = 0;
  87   1      }
  88          
  89          //从I2C总线上接收数据
  90          unsigned char IIC_RecByte(void)
  91          {
  92   1              unsigned char i, da;
  93   1              for (i = 0; i < 8; i++)
  94   1              {
  95   2                      SCL = 1;
  96   2                      IIC_Delay(DELAY_TIME);
  97   2                      da <<= 1;
  98   2                      if (SDA) da |= 1;
  99   2                      SCL = 0;
 100   2                      IIC_Delay(DELAY_TIME);
 101   2              }
 102   1              return da;
 103   1      }
 104          
 105          void eeprom_read(unsigned char* string, unsigned char addr, unsigned char num)
 106          {
 107   1              IIC_Start();
 108   1              IIC_SendByte(0xa0);
 109   1              IIC_WaitAck();
 110   1      
 111   1              IIC_SendByte(addr);
 112   1              IIC_WaitAck();
 113   1      
 114   1              IIC_Start();
 115   1              IIC_SendByte(0xa1);
 116   1              IIC_WaitAck();
C51 COMPILER V9.59.0.0   IIC                                                               11/21/2021 23:53:10 PAGE 3   

 117   1      
 118   1              while (num--)
 119   1              {
 120   2                      *string++ = IIC_RecByte();
 121   2                      if (num)        IIC_SendAck(0);
 122   2                      else            IIC_SendAck(1);
 123   2              }
 124   1      }
 125          
 126          void eeprom_write(unsigned char* string, unsigned char addr, unsigned char num)
 127          {
 128   1              IIC_Start();
 129   1              IIC_SendByte(0xa0);
 130   1              IIC_WaitAck();
 131   1      
 132   1              IIC_SendByte(addr);
 133   1              IIC_WaitAck();
 134   1      
 135   1              while (num--)
 136   1              {
 137   2                      IIC_SendByte(*string++);
 138   2                      IIC_WaitAck();
 139   2                      IIC_Delay(200);
 140   2              }
 141   1              IIC_Stop();
 142   1      }


MODULE INFORMATION:   STATIC OVERLAYABLE
   CODE SIZE        =    310    ----
   CONSTANT SIZE    =   ----    ----
   XDATA SIZE       =   ----    ----
   PDATA SIZE       =   ----    ----
   DATA SIZE        =   ----      10
   IDATA SIZE       =   ----    ----
   BIT SIZE         =   ----       2
END OF MODULE INFORMATION.


C51 COMPILATION COMPLETE.  0 WARNING(S),  0 ERROR(S)
