C51 COMPILER V9.59.0.0   KEY                                                               12/03/2021 20:20:17 PAGE 1   


C51 COMPILER V9.59.0.0, COMPILATION OF MODULE KEY
OBJECT MODULE PLACED IN ..\Output\key.obj
COMPILER INVOKED BY: F:\Keil_v5\C51\BIN\C51.EXE ..\Driver\key.c OPTIMIZE(8,SPEED) BROWSE INCDIR(..\Driver;..\System;..\U
                    -ser) DEBUG OBJECTEXTEND PRINT(.\Listings\key.lst) OBJECT(..\Output\key.obj)

line level    source

   1          #include "key.h"
   2          
   3          sbit P30 = P3 ^ 0;
   4          sbit P31 = P3 ^ 1;
   5          sbit P32 = P3 ^ 2;
   6          sbit P33 = P3 ^ 3;
   7          
   8          uchar key_scan()
   9          {
  10   1          if (P31 == 0)       return 1;
  11   1          else if (P30 == 0)  return 2;
  12   1          else if (P32 == 0)  return 3;
  13   1          else if (P33 == 0)  return 4;
  14   1          return 0;
  15   1      }
  16          


MODULE INFORMATION:   STATIC OVERLAYABLE
   CODE SIZE        =     27    ----
   CONSTANT SIZE    =   ----    ----
   XDATA SIZE       =   ----    ----
   PDATA SIZE       =   ----    ----
   DATA SIZE        =   ----    ----
   IDATA SIZE       =   ----    ----
   BIT SIZE         =   ----    ----
END OF MODULE INFORMATION.


C51 COMPILATION COMPLETE.  0 WARNING(S),  0 ERROR(S)
