C51 COMPILER V9.59.0.0   LED                                                               11/21/2021 22:00:50 PAGE 1   


C51 COMPILER V9.59.0.0, COMPILATION OF MODULE LED
OBJECT MODULE PLACED IN ..\Output\led.obj
COMPILER INVOKED BY: F:\Keil_v5\C51\BIN\C51.EXE ..\Driver\led.c LARGE OPTIMIZE(8,SPEED) BROWSE INCDIR(..\Driver;..\Syste
                    -m;..\User) DEBUG OBJECTEXTEND PRINT(.\Listings\led.lst) OBJECT(..\Output\led.obj)

line level    source

   1          #include "led.h"
   2          
   3          void led_control(uchar state) { P2 = ~state; }
   4          void led_bit_control(uchar led, uchar state) {
   5   1          P2 = P2 & ~(1 << led) | ~state;
   6   1      }


MODULE INFORMATION:   STATIC OVERLAYABLE
   CODE SIZE        =     26    ----
   CONSTANT SIZE    =   ----    ----
   XDATA SIZE       =   ----    ----
   PDATA SIZE       =   ----    ----
   DATA SIZE        =   ----    ----
   IDATA SIZE       =   ----    ----
   BIT SIZE         =   ----    ----
END OF MODULE INFORMATION.


C51 COMPILATION COMPLETE.  0 WARNING(S),  0 ERROR(S)
